
ws19__g6_gameoflife: system execution failed.
Following is the set of recorded exceptions:

******************************** Thread exception *****************************
In thread           Root thread            0x0 (thread id)
*******************************************************************************
-------------------------------------------------------------------------------
Class / Object      Routine                Nature of exception           Effect
-------------------------------------------------------------------------------
ARRAY               item @3                valid_index:                 
<0000000003F9DE88>                         Precondition violated.        Fail
-------------------------------------------------------------------------------
GAMEOFLIFE          make @2                                             
<0000000003F9D5A8>                         Routine failure.              Fail
-------------------------------------------------------------------------------
GAMEOFLIFE          root's creation                                     
<0000000003F9D5A8>                         Routine failure.              Exit
-------------------------------------------------------------------------------

ws19__g6_gameoflife: system execution failed.
Following is the set of recorded exceptions:

******************************** Thread exception *****************************
In thread           Root thread            0x0 (thread id)
*******************************************************************************
-------------------------------------------------------------------------------
Class / Object      Routine                Nature of exception           Effect
-------------------------------------------------------------------------------
ARRAY2              item @1                valid_row:                   
<00000000043B9B08>                         Precondition violated.        Fail
-------------------------------------------------------------------------------
EUKARYOTICCELLS     neighbours @11                                      
<00000000043B23F8>                         Routine failure.              Fail
-------------------------------------------------------------------------------
GAMEOFLIFE          make @12                                            
<00000000042DD5A8>                         Routine failure.              Fail
-------------------------------------------------------------------------------
GAMEOFLIFE          root's creation                                     
<00000000042DD5A8>                         Routine failure.              Exit
-------------------------------------------------------------------------------
